build/app/intermediates/manifest_merge_blame_file/release/manifest-merger-blame-release-report.txt
1<?xml version="1.0" encoding="utf-8"?>
2<manifest xmlns:android="http://schemas.android.com/apk/res/android"
3    package="com.imperial.desiukconnect"
4    android:versionCode="1"
5    android:versionName="1.0.0" >
6
7    <uses-sdk
8        android:minSdkVersion="21"
8-->src\main\AndroidManifest.xml
9        android:targetSdkVersion="33" />
9-->src\main\AndroidManifest.xml
10
11    <uses-permission android:name="android.permission.QUERY_ALL_PACKAGES" />
11-->src\main\AndroidManifest.xml:3:5-76
11-->src\main\AndroidManifest.xml:3:22-74
12
13    <queries>
13-->src\main\AndroidManifest.xml:5:5-18:15
14        <intent>
14-->src\main\AndroidManifest.xml:6:9-9:18
15            <action android:name="android.intent.action.VIEW" />
15-->src\main\AndroidManifest.xml:7:13-65
15-->src\main\AndroidManifest.xml:7:21-62
16
17            <data android:scheme="https" />
17-->src\main\AndroidManifest.xml:8:13-44
17-->src\main\AndroidManifest.xml:8:19-41
18        </intent>
19        <intent>
19-->src\main\AndroidManifest.xml:10:9-13:18
20            <action android:name="android.intent.action.DIAL" />
20-->src\main\AndroidManifest.xml:11:13-65
20-->src\main\AndroidManifest.xml:11:21-62
21
22            <data android:scheme="tel" />
22-->src\main\AndroidManifest.xml:8:13-44
22-->src\main\AndroidManifest.xml:8:19-41
23        </intent>
24        <intent>
24-->src\main\AndroidManifest.xml:14:9-17:18
25            <action android:name="android.intent.action.SEND" />
25-->src\main\AndroidManifest.xml:15:13-65
25-->src\main\AndroidManifest.xml:15:21-62
26
27            <data android:mimeType="*/*" />
27-->src\main\AndroidManifest.xml:8:13-44
27-->src\main\AndroidManifest.xml:16:19-41
28        </intent>
29        <!-- Needs to be explicitly declared on Android R+ -->
30        <package android:name="com.google.android.apps.maps" />
30-->[com.google.android.gms:play-services-maps:18.1.0] AndroidManifest.xml:33:9-64
30-->[com.google.android.gms:play-services-maps:18.1.0] AndroidManifest.xml:33:18-61
31    </queries>
32
33    <uses-permission android:name="android.permission.INTERNET" />
33-->[:firebase_messaging] AndroidManifest.xml:9:5-67
33-->[:firebase_messaging] AndroidManifest.xml:9:22-64
34    <uses-permission android:name="android.permission.WAKE_LOCK" />
34-->[:firebase_messaging] AndroidManifest.xml:10:5-68
34-->[:firebase_messaging] AndroidManifest.xml:10:22-65
35    <uses-permission android:name="android.permission.ACCESS_NETWORK_STATE" /> <!-- Permissions options for the `notification` group -->
35-->[:firebase_messaging] AndroidManifest.xml:11:5-79
35-->[:firebase_messaging] AndroidManifest.xml:11:22-76
36    <uses-permission android:name="android.permission.POST_NOTIFICATIONS" />
36-->[:firebase_messaging] AndroidManifest.xml:13:5-77
36-->[:firebase_messaging] AndroidManifest.xml:13:22-74
37    <uses-permission android:name="android.permission.FOREGROUND_SERVICE" />
37-->[:geolocator_android] AndroidManifest.xml:9:5-77
37-->[:geolocator_android] AndroidManifest.xml:9:22-74
38
39    <uses-feature
39-->[com.google.android.gms:play-services-maps:18.1.0] AndroidManifest.xml:26:5-28:35
40        android:glEsVersion="0x00020000"
40-->[com.google.android.gms:play-services-maps:18.1.0] AndroidManifest.xml:27:9-41
41        android:required="true" /> <!-- Required by older versions of Google Play services to create IID tokens -->
41-->[com.google.android.gms:play-services-maps:18.1.0] AndroidManifest.xml:28:9-32
42    <uses-permission android:name="com.google.android.c2dm.permission.RECEIVE" />
42-->[com.google.firebase:firebase-messaging:23.1.2] AndroidManifest.xml:28:5-82
42-->[com.google.firebase:firebase-messaging:23.1.2] AndroidManifest.xml:28:22-79
43
44    <permission
44-->[androidx.core:core:1.9.0] AndroidManifest.xml:22:5-24:47
45        android:name="com.imperial.desiukconnect.DYNAMIC_RECEIVER_NOT_EXPORTED_PERMISSION"
45-->[androidx.core:core:1.9.0] AndroidManifest.xml:23:9-81
46        android:protectionLevel="signature" />
46-->[androidx.core:core:1.9.0] AndroidManifest.xml:24:9-44
47
48    <uses-permission android:name="com.imperial.desiukconnect.DYNAMIC_RECEIVER_NOT_EXPORTED_PERMISSION" />
48-->[androidx.core:core:1.9.0] AndroidManifest.xml:26:5-97
48-->[androidx.core:core:1.9.0] AndroidManifest.xml:26:22-94
49    <uses-permission android:name="android.permission.CAMERA" /> <!-- Don't require camera, as this requires a rear camera. This allows it to work on the Nexus 7 -->
49-->[com.journeyapps:zxing-android-embedded:4.3.0] AndroidManifest.xml:22:5-65
49-->[com.journeyapps:zxing-android-embedded:4.3.0] AndroidManifest.xml:22:22-62
50    <uses-feature
50-->[com.journeyapps:zxing-android-embedded:4.3.0] AndroidManifest.xml:25:5-27:36
51        android:name="android.hardware.camera"
51-->[com.journeyapps:zxing-android-embedded:4.3.0] AndroidManifest.xml:26:9-47
52        android:required="false" />
52-->[com.journeyapps:zxing-android-embedded:4.3.0] AndroidManifest.xml:27:9-33
53    <uses-feature
53-->[com.journeyapps:zxing-android-embedded:4.3.0] AndroidManifest.xml:28:5-30:36
54        android:name="android.hardware.camera.front"
54-->[com.journeyapps:zxing-android-embedded:4.3.0] AndroidManifest.xml:29:9-53
55        android:required="false" /> <!-- TODO replace above two with next line after Android 4.2 -->
55-->[com.journeyapps:zxing-android-embedded:4.3.0] AndroidManifest.xml:30:9-33
56    <!-- <uses-feature android:name="android.hardware.camera.any"/> -->
57    <uses-feature
57-->[com.journeyapps:zxing-android-embedded:4.3.0] AndroidManifest.xml:33:5-35:36
58        android:name="android.hardware.camera.autofocus"
58-->[com.journeyapps:zxing-android-embedded:4.3.0] AndroidManifest.xml:34:9-57
59        android:required="false" />
59-->[com.journeyapps:zxing-android-embedded:4.3.0] AndroidManifest.xml:35:9-33
60    <uses-feature
60-->[com.journeyapps:zxing-android-embedded:4.3.0] AndroidManifest.xml:36:5-38:36
61        android:name="android.hardware.camera.flash"
61-->[com.journeyapps:zxing-android-embedded:4.3.0] AndroidManifest.xml:37:9-53
62        android:required="false" />
62-->[com.journeyapps:zxing-android-embedded:4.3.0] AndroidManifest.xml:38:9-33
63    <uses-feature
63-->[com.journeyapps:zxing-android-embedded:4.3.0] AndroidManifest.xml:39:5-41:36
64        android:name="android.hardware.screen.landscape"
64-->[com.journeyapps:zxing-android-embedded:4.3.0] AndroidManifest.xml:40:9-57
65        android:required="false" />
65-->[com.journeyapps:zxing-android-embedded:4.3.0] AndroidManifest.xml:41:9-33
66    <uses-feature
66-->[com.journeyapps:zxing-android-embedded:4.3.0] AndroidManifest.xml:42:5-44:36
67        android:name="android.hardware.wifi"
67-->[com.journeyapps:zxing-android-embedded:4.3.0] AndroidManifest.xml:43:9-45
68        android:required="false" />
68-->[com.journeyapps:zxing-android-embedded:4.3.0] AndroidManifest.xml:44:9-33
69
70    <application
71        android:name="android.app.Application"
71-->src\main\AndroidManifest.xml:21:9-42
72        android:appComponentFactory="androidx.core.app.CoreComponentFactory"
72-->[androidx.core:core:1.9.0] AndroidManifest.xml:28:18-86
73        android:icon="@mipmap/launcher_icon"
73-->src\main\AndroidManifest.xml:22:9-45
74        android:label="DesiUKConnect" >
74-->src\main\AndroidManifest.xml:20:9-38
75        <activity
75-->src\main\AndroidManifest.xml:24:9-44:20
76            android:name="com.example.imperial.MainActivity"
76-->src\main\AndroidManifest.xml:25:13-41
77            android:configChanges="orientation|keyboardHidden|keyboard|screenSize|smallestScreenSize|locale|layoutDirection|fontScale|screenLayout|density|uiMode"
77-->src\main\AndroidManifest.xml:29:13-163
78            android:exported="true"
78-->src\main\AndroidManifest.xml:26:13-36
79            android:hardwareAccelerated="true"
79-->src\main\AndroidManifest.xml:30:13-47
80            android:launchMode="singleTop"
80-->src\main\AndroidManifest.xml:27:13-43
81            android:theme="@style/LaunchTheme"
81-->src\main\AndroidManifest.xml:28:13-47
82            android:windowSoftInputMode="adjustResize" >
82-->src\main\AndroidManifest.xml:31:13-55
83
84            <!--
85                 Specifies an Android theme to apply to this Activity as soon as
86                 the Android process has started. This theme is visible to the user
87                 while the Flutter UI initializes. After that, this theme continues
88                 to determine the Window background behind the Flutter UI.
89            -->
90            <meta-data
90-->src\main\AndroidManifest.xml:36:13-39:17
91                android:name="io.flutter.embedding.android.NormalTheme"
91-->src\main\AndroidManifest.xml:37:15-70
92                android:resource="@style/NormalTheme" />
92-->src\main\AndroidManifest.xml:38:15-52
93
94            <intent-filter>
94-->src\main\AndroidManifest.xml:40:13-43:29
95                <action android:name="android.intent.action.MAIN" />
95-->src\main\AndroidManifest.xml:41:17-68
95-->src\main\AndroidManifest.xml:41:25-66
96
97                <category android:name="android.intent.category.LAUNCHER" />
97-->src\main\AndroidManifest.xml:42:17-76
97-->src\main\AndroidManifest.xml:42:27-74
98            </intent-filter>
99        </activity>
100        <!--
101             Don't delete the meta-data below.
102             This is used by the Flutter tool to generate GeneratedPluginRegistrant.java
103        -->
104        <meta-data
104-->src\main\AndroidManifest.xml:47:9-49:33
105            android:name="flutterEmbedding"
105-->src\main\AndroidManifest.xml:48:13-44
106            android:value="2" />
106-->src\main\AndroidManifest.xml:49:13-30
107        <meta-data
107-->src\main\AndroidManifest.xml:50:8-51:69
108            android:name="com.google.android.geo.API_KEY"
108-->src\main\AndroidManifest.xml:50:19-64
109            android:value="AIzaSyBIvcxRPJM1xGMNdnJEtB-Eeo2sc3w9KHY" />
109-->src\main\AndroidManifest.xml:51:12-67
110
111        <service
111-->[:firebase_messaging] AndroidManifest.xml:16:9-19:72
112            android:name="io.flutter.plugins.firebase.messaging.FlutterFirebaseMessagingBackgroundService"
112-->[:firebase_messaging] AndroidManifest.xml:17:13-107
113            android:exported="false"
113-->[:firebase_messaging] AndroidManifest.xml:18:13-37
114            android:permission="android.permission.BIND_JOB_SERVICE" />
114-->[:firebase_messaging] AndroidManifest.xml:19:13-69
115        <service
115-->[:firebase_messaging] AndroidManifest.xml:20:9-26:19
116            android:name="io.flutter.plugins.firebase.messaging.FlutterFirebaseMessagingService"
116-->[:firebase_messaging] AndroidManifest.xml:21:13-97
117            android:exported="false" >
117-->[:firebase_messaging] AndroidManifest.xml:22:13-37
118            <intent-filter>
118-->[:firebase_messaging] AndroidManifest.xml:23:13-25:29
119                <action android:name="com.google.firebase.MESSAGING_EVENT" />
119-->[:firebase_messaging] AndroidManifest.xml:24:17-78
119-->[:firebase_messaging] AndroidManifest.xml:24:25-75
120            </intent-filter>
121        </service>
122
123        <receiver
123-->[:firebase_messaging] AndroidManifest.xml:28:9-35:20
124            android:name="io.flutter.plugins.firebase.messaging.FlutterFirebaseMessagingReceiver"
124-->[:firebase_messaging] AndroidManifest.xml:29:13-98
125            android:exported="true"
125-->[:firebase_messaging] AndroidManifest.xml:30:13-36
126            android:permission="com.google.android.c2dm.permission.SEND" >
126-->[:firebase_messaging] AndroidManifest.xml:31:13-73
127            <intent-filter>
127-->[:firebase_messaging] AndroidManifest.xml:32:13-34:29
128                <action android:name="com.google.android.c2dm.intent.RECEIVE" />
128-->[:firebase_messaging] AndroidManifest.xml:33:17-81
128-->[:firebase_messaging] AndroidManifest.xml:33:25-78
129            </intent-filter>
130        </receiver>
131
132        <service
132-->[:firebase_messaging] AndroidManifest.xml:37:9-41:19
133            android:name="com.google.firebase.components.ComponentDiscoveryService"
133-->[:firebase_messaging] AndroidManifest.xml:37:18-89
134            android:directBootAware="true"
134-->[com.google.firebase:firebase-common:20.3.2] AndroidManifest.xml:34:13-43
135            android:exported="false" >
135-->[com.google.firebase:firebase-messaging:23.1.2] AndroidManifest.xml:54:13-37
136            <meta-data
136-->[:firebase_messaging] AndroidManifest.xml:38:13-40:85
137                android:name="com.google.firebase.components:io.flutter.plugins.firebase.messaging.FlutterFirebaseAppRegistrar"
137-->[:firebase_messaging] AndroidManifest.xml:39:17-128
138                android:value="com.google.firebase.components.ComponentRegistrar" />
138-->[:firebase_messaging] AndroidManifest.xml:40:17-82
139            <meta-data
139-->[:firebase_core] AndroidManifest.xml:11:13-13:85
140                android:name="com.google.firebase.components:io.flutter.plugins.firebase.core.FlutterFirebaseCoreRegistrar"
140-->[:firebase_core] AndroidManifest.xml:12:17-124
141                android:value="com.google.firebase.components.ComponentRegistrar" />
141-->[:firebase_core] AndroidManifest.xml:13:17-82
142            <meta-data
142-->[com.google.firebase:firebase-messaging:23.1.2] AndroidManifest.xml:55:13-57:85
143                android:name="com.google.firebase.components:com.google.firebase.messaging.FirebaseMessagingRegistrar"
143-->[com.google.firebase:firebase-messaging:23.1.2] AndroidManifest.xml:56:17-119
144                android:value="com.google.firebase.components.ComponentRegistrar" />
144-->[com.google.firebase:firebase-messaging:23.1.2] AndroidManifest.xml:57:17-82
145            <meta-data
145-->[com.google.firebase:firebase-iid:21.1.0] AndroidManifest.xml:32:13-34:85
146                android:name="com.google.firebase.components:com.google.firebase.iid.Registrar"
146-->[com.google.firebase:firebase-iid:21.1.0] AndroidManifest.xml:33:17-96
147                android:value="com.google.firebase.components.ComponentRegistrar" />
147-->[com.google.firebase:firebase-iid:21.1.0] AndroidManifest.xml:34:17-82
148            <meta-data
148-->[com.google.firebase:firebase-installations:17.1.3] AndroidManifest.xml:17:13-19:85
149                android:name="com.google.firebase.components:com.google.firebase.installations.FirebaseInstallationsRegistrar"
149-->[com.google.firebase:firebase-installations:17.1.3] AndroidManifest.xml:18:17-127
150                android:value="com.google.firebase.components.ComponentRegistrar" />
150-->[com.google.firebase:firebase-installations:17.1.3] AndroidManifest.xml:19:17-82
151            <meta-data
151-->[com.google.firebase:firebase-datatransport:18.1.7] AndroidManifest.xml:27:13-29:85
152                android:name="com.google.firebase.components:com.google.firebase.datatransport.TransportRegistrar"
152-->[com.google.firebase:firebase-datatransport:18.1.7] AndroidManifest.xml:28:17-115
153                android:value="com.google.firebase.components.ComponentRegistrar" />
153-->[com.google.firebase:firebase-datatransport:18.1.7] AndroidManifest.xml:29:17-82
154        </service>
155
156        <provider
156-->[:firebase_messaging] AndroidManifest.xml:43:9-47:38
157            android:name="io.flutter.plugins.firebase.messaging.FlutterFirebaseMessagingInitProvider"
157-->[:firebase_messaging] AndroidManifest.xml:44:13-102
158            android:authorities="com.imperial.desiukconnect.flutterfirebasemessaginginitprovider"
158-->[:firebase_messaging] AndroidManifest.xml:45:13-88
159            android:exported="false"
159-->[:firebase_messaging] AndroidManifest.xml:46:13-37
160            android:initOrder="99" />
160-->[:firebase_messaging] AndroidManifest.xml:47:13-35
161
162        <service
162-->[:geolocator_android] AndroidManifest.xml:12:9-16:56
163            android:name="com.baseflow.geolocator.GeolocatorLocationService"
163-->[:geolocator_android] AndroidManifest.xml:13:13-77
164            android:enabled="true"
164-->[:geolocator_android] AndroidManifest.xml:14:13-35
165            android:exported="false"
165-->[:geolocator_android] AndroidManifest.xml:15:13-37
166            android:foregroundServiceType="location" />
166-->[:geolocator_android] AndroidManifest.xml:16:13-53
167
168        <provider
168-->[:image_picker_android] AndroidManifest.xml:10:9-18:20
169            android:name="io.flutter.plugins.imagepicker.ImagePickerFileProvider"
169-->[:image_picker_android] AndroidManifest.xml:11:13-82
170            android:authorities="com.imperial.desiukconnect.flutter.image_provider"
170-->[:image_picker_android] AndroidManifest.xml:12:13-74
171            android:exported="false"
171-->[:image_picker_android] AndroidManifest.xml:13:13-37
172            android:grantUriPermissions="true" >
172-->[:image_picker_android] AndroidManifest.xml:14:13-47
173            <meta-data
173-->[:image_picker_android] AndroidManifest.xml:15:13-17:75
174                android:name="android.support.FILE_PROVIDER_PATHS"
174-->[:image_picker_android] AndroidManifest.xml:16:17-67
175                android:resource="@xml/flutter_image_picker_file_paths" />
175-->[:image_picker_android] AndroidManifest.xml:17:17-72
176        </provider>
177
178        <activity
178-->[:url_launcher_android] AndroidManifest.xml:10:9-13:74
179            android:name="io.flutter.plugins.urllauncher.WebViewActivity"
179-->[:url_launcher_android] AndroidManifest.xml:11:13-74
180            android:exported="false"
180-->[:url_launcher_android] AndroidManifest.xml:12:13-37
181            android:theme="@android:style/Theme.NoTitleBar.Fullscreen" /> <!-- Needs to be explicitly declared on P+ -->
181-->[:url_launcher_android] AndroidManifest.xml:13:13-71
182        <uses-library
182-->[com.google.android.gms:play-services-maps:18.1.0] AndroidManifest.xml:39:9-41:40
183            android:name="org.apache.http.legacy"
183-->[com.google.android.gms:play-services-maps:18.1.0] AndroidManifest.xml:40:13-50
184            android:required="false" />
184-->[com.google.android.gms:play-services-maps:18.1.0] AndroidManifest.xml:41:13-37
185
186        <receiver
186-->[com.google.firebase:firebase-messaging:23.1.2] AndroidManifest.xml:31:9-38:20
187            android:name="com.google.firebase.iid.FirebaseInstanceIdReceiver"
187-->[com.google.firebase:firebase-messaging:23.1.2] AndroidManifest.xml:32:13-78
188            android:exported="true"
188-->[com.google.firebase:firebase-messaging:23.1.2] AndroidManifest.xml:33:13-36
189            android:permission="com.google.android.c2dm.permission.SEND" >
189-->[com.google.firebase:firebase-messaging:23.1.2] AndroidManifest.xml:34:13-73
190            <intent-filter>
190-->[:firebase_messaging] AndroidManifest.xml:32:13-34:29
191                <action android:name="com.google.android.c2dm.intent.RECEIVE" />
191-->[:firebase_messaging] AndroidManifest.xml:33:17-81
191-->[:firebase_messaging] AndroidManifest.xml:33:25-78
192            </intent-filter>
193        </receiver>
194        <!--
195             FirebaseMessagingService performs security checks at runtime,
196             but set to not exported to explicitly avoid allowing another app to call it.
197        -->
198        <service
198-->[com.google.firebase:firebase-messaging:23.1.2] AndroidManifest.xml:44:9-51:19
199            android:name="com.google.firebase.messaging.FirebaseMessagingService"
199-->[com.google.firebase:firebase-messaging:23.1.2] AndroidManifest.xml:45:13-82
200            android:directBootAware="true"
200-->[com.google.firebase:firebase-messaging:23.1.2] AndroidManifest.xml:46:13-43
201            android:exported="false" >
201-->[com.google.firebase:firebase-messaging:23.1.2] AndroidManifest.xml:47:13-37
202            <intent-filter android:priority="-500" >
202-->[:firebase_messaging] AndroidManifest.xml:23:13-25:29
203                <action android:name="com.google.firebase.MESSAGING_EVENT" />
203-->[:firebase_messaging] AndroidManifest.xml:24:17-78
203-->[:firebase_messaging] AndroidManifest.xml:24:25-75
204            </intent-filter>
205        </service>
206
207        <activity
207-->[com.google.android.gms:play-services-base:18.1.0] AndroidManifest.xml:20:9-22:45
208            android:name="com.google.android.gms.common.api.GoogleApiActivity"
208-->[com.google.android.gms:play-services-base:18.1.0] AndroidManifest.xml:20:19-85
209            android:exported="false"
209-->[com.google.android.gms:play-services-base:18.1.0] AndroidManifest.xml:22:19-43
210            android:theme="@android:style/Theme.Translucent.NoTitleBar" />
210-->[com.google.android.gms:play-services-base:18.1.0] AndroidManifest.xml:21:19-78
211
212        <provider
212-->[com.google.firebase:firebase-common:20.3.2] AndroidManifest.xml:25:9-30:39
213            android:name="com.google.firebase.provider.FirebaseInitProvider"
213-->[com.google.firebase:firebase-common:20.3.2] AndroidManifest.xml:26:13-77
214            android:authorities="com.imperial.desiukconnect.firebaseinitprovider"
214-->[com.google.firebase:firebase-common:20.3.2] AndroidManifest.xml:27:13-72
215            android:directBootAware="true"
215-->[com.google.firebase:firebase-common:20.3.2] AndroidManifest.xml:28:13-43
216            android:exported="false"
216-->[com.google.firebase:firebase-common:20.3.2] AndroidManifest.xml:29:13-37
217            android:initOrder="100" />
217-->[com.google.firebase:firebase-common:20.3.2] AndroidManifest.xml:30:13-36
218
219        <meta-data
219-->[com.google.android.gms:play-services-basement:18.1.0] AndroidManifest.xml:21:9-23:69
220            android:name="com.google.android.gms.version"
220-->[com.google.android.gms:play-services-basement:18.1.0] AndroidManifest.xml:22:13-58
221            android:value="@integer/google_play_services_version" />
221-->[com.google.android.gms:play-services-basement:18.1.0] AndroidManifest.xml:23:13-66
222
223        <provider
223-->[androidx.emoji2:emoji2:1.0.0] AndroidManifest.xml:26:9-34:20
224            android:name="androidx.startup.InitializationProvider"
224-->[androidx.emoji2:emoji2:1.0.0] AndroidManifest.xml:27:13-67
225            android:authorities="com.imperial.desiukconnect.androidx-startup"
225-->[androidx.emoji2:emoji2:1.0.0] AndroidManifest.xml:28:13-68
226            android:exported="false" >
226-->[androidx.emoji2:emoji2:1.0.0] AndroidManifest.xml:29:13-37
227            <meta-data
227-->[androidx.emoji2:emoji2:1.0.0] AndroidManifest.xml:31:13-33:52
228                android:name="androidx.emoji2.text.EmojiCompatInitializer"
228-->[androidx.emoji2:emoji2:1.0.0] AndroidManifest.xml:32:17-75
229                android:value="androidx.startup" />
229-->[androidx.emoji2:emoji2:1.0.0] AndroidManifest.xml:33:17-49
230            <meta-data
230-->[androidx.lifecycle:lifecycle-process:2.6.1] AndroidManifest.xml:29:13-31:52
231                android:name="androidx.lifecycle.ProcessLifecycleInitializer"
231-->[androidx.lifecycle:lifecycle-process:2.6.1] AndroidManifest.xml:30:17-78
232                android:value="androidx.startup" />
232-->[androidx.lifecycle:lifecycle-process:2.6.1] AndroidManifest.xml:31:17-49
233            <meta-data
233-->[androidx.profileinstaller:profileinstaller:1.3.0] AndroidManifest.xml:29:13-31:52
234                android:name="androidx.profileinstaller.ProfileInstallerInitializer"
234-->[androidx.profileinstaller:profileinstaller:1.3.0] AndroidManifest.xml:30:17-85
235                android:value="androidx.startup" />
235-->[androidx.profileinstaller:profileinstaller:1.3.0] AndroidManifest.xml:31:17-49
236        </provider>
237
238        <uses-library
238-->[androidx.window:window:1.0.0-beta04] AndroidManifest.xml:25:9-27:40
239            android:name="androidx.window.extensions"
239-->[androidx.window:window:1.0.0-beta04] AndroidManifest.xml:26:13-54
240            android:required="false" />
240-->[androidx.window:window:1.0.0-beta04] AndroidManifest.xml:27:13-37
241        <uses-library
241-->[androidx.window:window:1.0.0-beta04] AndroidManifest.xml:28:9-30:40
242            android:name="androidx.window.sidecar"
242-->[androidx.window:window:1.0.0-beta04] AndroidManifest.xml:29:13-51
243            android:required="false" />
243-->[androidx.window:window:1.0.0-beta04] AndroidManifest.xml:30:13-37
244
245        <receiver
245-->[androidx.profileinstaller:profileinstaller:1.3.0] AndroidManifest.xml:34:9-52:20
246            android:name="androidx.profileinstaller.ProfileInstallReceiver"
246-->[androidx.profileinstaller:profileinstaller:1.3.0] AndroidManifest.xml:35:13-76
247            android:directBootAware="false"
247-->[androidx.profileinstaller:profileinstaller:1.3.0] AndroidManifest.xml:36:13-44
248            android:enabled="true"
248-->[androidx.profileinstaller:profileinstaller:1.3.0] AndroidManifest.xml:37:13-35
249            android:exported="true"
249-->[androidx.profileinstaller:profileinstaller:1.3.0] AndroidManifest.xml:38:13-36
250            android:permission="android.permission.DUMP" >
250-->[androidx.profileinstaller:profileinstaller:1.3.0] AndroidManifest.xml:39:13-57
251            <intent-filter>
251-->[androidx.profileinstaller:profileinstaller:1.3.0] AndroidManifest.xml:40:13-42:29
252                <action android:name="androidx.profileinstaller.action.INSTALL_PROFILE" />
252-->[androidx.profileinstaller:profileinstaller:1.3.0] AndroidManifest.xml:41:17-91
252-->[androidx.profileinstaller:profileinstaller:1.3.0] AndroidManifest.xml:41:25-88
253            </intent-filter>
254            <intent-filter>
254-->[androidx.profileinstaller:profileinstaller:1.3.0] AndroidManifest.xml:43:13-45:29
255                <action android:name="androidx.profileinstaller.action.SKIP_FILE" />
255-->[androidx.profileinstaller:profileinstaller:1.3.0] AndroidManifest.xml:44:17-85
255-->[androidx.profileinstaller:profileinstaller:1.3.0] AndroidManifest.xml:44:25-82
256            </intent-filter>
257            <intent-filter>
257-->[androidx.profileinstaller:profileinstaller:1.3.0] AndroidManifest.xml:46:13-48:29
258                <action android:name="androidx.profileinstaller.action.SAVE_PROFILE" />
258-->[androidx.profileinstaller:profileinstaller:1.3.0] AndroidManifest.xml:47:17-88
258-->[androidx.profileinstaller:profileinstaller:1.3.0] AndroidManifest.xml:47:25-85
259            </intent-filter>
260            <intent-filter>
260-->[androidx.profileinstaller:profileinstaller:1.3.0] AndroidManifest.xml:49:13-51:29
261                <action android:name="androidx.profileinstaller.action.BENCHMARK_OPERATION" />
261-->[androidx.profileinstaller:profileinstaller:1.3.0] AndroidManifest.xml:50:17-95
261-->[androidx.profileinstaller:profileinstaller:1.3.0] AndroidManifest.xml:50:25-92
262            </intent-filter>
263        </receiver>
264
265        <service
265-->[com.google.android.datatransport:transport-backend-cct:3.1.8] AndroidManifest.xml:28:9-34:19
266            android:name="com.google.android.datatransport.runtime.backends.TransportBackendDiscovery"
266-->[com.google.android.datatransport:transport-backend-cct:3.1.8] AndroidManifest.xml:29:13-103
267            android:exported="false" >
267-->[com.google.android.datatransport:transport-backend-cct:3.1.8] AndroidManifest.xml:30:13-37
268            <meta-data
268-->[com.google.android.datatransport:transport-backend-cct:3.1.8] AndroidManifest.xml:31:13-33:39
269                android:name="backend:com.google.android.datatransport.cct.CctBackendFactory"
269-->[com.google.android.datatransport:transport-backend-cct:3.1.8] AndroidManifest.xml:32:17-94
270                android:value="cct" />
270-->[com.google.android.datatransport:transport-backend-cct:3.1.8] AndroidManifest.xml:33:17-36
271        </service>
272        <service
272-->[com.google.android.datatransport:transport-runtime:3.1.8] AndroidManifest.xml:26:9-30:19
273            android:name="com.google.android.datatransport.runtime.scheduling.jobscheduling.JobInfoSchedulerService"
273-->[com.google.android.datatransport:transport-runtime:3.1.8] AndroidManifest.xml:27:13-117
274            android:exported="false"
274-->[com.google.android.datatransport:transport-runtime:3.1.8] AndroidManifest.xml:28:13-37
275            android:permission="android.permission.BIND_JOB_SERVICE" >
275-->[com.google.android.datatransport:transport-runtime:3.1.8] AndroidManifest.xml:29:13-69
276        </service>
277
278        <receiver
278-->[com.google.android.datatransport:transport-runtime:3.1.8] AndroidManifest.xml:32:9-34:40
279            android:name="com.google.android.datatransport.runtime.scheduling.jobscheduling.AlarmManagerSchedulerBroadcastReceiver"
279-->[com.google.android.datatransport:transport-runtime:3.1.8] AndroidManifest.xml:33:13-132
280            android:exported="false" />
280-->[com.google.android.datatransport:transport-runtime:3.1.8] AndroidManifest.xml:34:13-37
281
282        <activity
282-->[com.journeyapps:zxing-android-embedded:4.3.0] AndroidManifest.xml:47:9-53:63
283            android:name="com.journeyapps.barcodescanner.CaptureActivity"
283-->[com.journeyapps:zxing-android-embedded:4.3.0] AndroidManifest.xml:48:13-74
284            android:clearTaskOnLaunch="true"
284-->[com.journeyapps:zxing-android-embedded:4.3.0] AndroidManifest.xml:49:13-45
285            android:screenOrientation="sensorLandscape"
285-->[com.journeyapps:zxing-android-embedded:4.3.0] AndroidManifest.xml:50:13-56
286            android:stateNotNeeded="true"
286-->[com.journeyapps:zxing-android-embedded:4.3.0] AndroidManifest.xml:51:13-42
287            android:theme="@style/zxing_CaptureTheme"
287-->[com.journeyapps:zxing-android-embedded:4.3.0] AndroidManifest.xml:52:13-54
288            android:windowSoftInputMode="stateAlwaysHidden" />
288-->[com.journeyapps:zxing-android-embedded:4.3.0] AndroidManifest.xml:53:13-60
289    </application>
290
291</manifest>